<?xml version="1.0" encoding="UTF-8"?>
<robot generator="Robot 3.1.2 (Python 3.7.4 on win32)" generated="20190802 16:43:45.165" rpa="false">
<suite id="s1" name="EndToEnd" source="C:\Users\C60134A\PycharmProjects\end2end\Tests\EndToEnd\EndToEnd.robot">
<test id="s1-t1" name="Start">
<kw name="Front Open Team Page" library="Front">
<kw name="Open Browser" library="SeleniumLibrary">
<doc>Opens a new browser instance to the given ``url``.</doc>
<arguments>
<arg>${Front_URL}</arg>
<arg>${Browser}</arg>
</arguments>
<msg timestamp="20190802 16:43:45.441" level="INFO">Opening browser 'chrome' to base url 'http://www.ebay.com/'.</msg>
<status status="PASS" starttime="20190802 16:43:45.441" endtime="20190802 16:43:48.556"></status>
</kw>
<kw name="Maximize Browser Window" library="SeleniumLibrary">
<doc>Maximizes current browser window.</doc>
<status status="PASS" starttime="20190802 16:43:48.557" endtime="20190802 16:43:48.749"></status>
</kw>
<kw name="Sleep" library="BuiltIn">
<doc>Pauses the test executed for the given time.</doc>
<arguments>
<arg>3s</arg>
</arguments>
<msg timestamp="20190802 16:43:51.750" level="INFO">Slept 3 seconds</msg>
<status status="PASS" starttime="20190802 16:43:48.749" endtime="20190802 16:43:51.750"></status>
</kw>
<kw name="Close Browser" library="SeleniumLibrary">
<doc>Closes the current browser.</doc>
<status status="PASS" starttime="20190802 16:43:51.750" endtime="20190802 16:43:54.186"></status>
</kw>
<status status="PASS" starttime="20190802 16:43:45.440" endtime="20190802 16:43:54.187"></status>
</kw>
<kw name="Back Open Team Page" library="Back">
<kw name="Open Browser" library="SeleniumLibrary">
<doc>Opens a new browser instance to the given ``url``.</doc>
<arguments>
<arg>${Back_URL}</arg>
<arg>${Browser}</arg>
</arguments>
<msg timestamp="20190802 16:43:54.190" level="INFO">Opening browser 'chrome' to base url 'http://www.facebook.com'.</msg>
<status status="PASS" starttime="20190802 16:43:54.189" endtime="20190802 16:43:57.112"></status>
</kw>
<kw name="Maximize Browser Window" library="SeleniumLibrary">
<doc>Maximizes current browser window.</doc>
<status status="PASS" starttime="20190802 16:43:57.112" endtime="20190802 16:43:57.228"></status>
</kw>
<kw name="Input Text" library="SeleniumLibrary">
<doc>Types the given ``text`` into text field identified by ``locator``.</doc>
<arguments>
<arg>//input[@name="email"]</arg>
<arg>testing</arg>
</arguments>
<msg timestamp="20190802 16:43:57.229" level="INFO">Typing text 'testing' into text field '//input[@name="email"]'.</msg>
<status status="PASS" starttime="20190802 16:43:57.228" endtime="20190802 16:43:57.312"></status>
</kw>
<kw name="Input Text" library="SeleniumLibrary">
<doc>Types the given ``text`` into text field identified by ``locator``.</doc>
<arguments>
<arg>//input[@name="pass"]</arg>
<arg>***</arg>
</arguments>
<msg timestamp="20190802 16:43:57.312" level="INFO">Typing text '***' into text field '//input[@name="pass"]'.</msg>
<status status="PASS" starttime="20190802 16:43:57.312" endtime="20190802 16:43:57.385"></status>
</kw>
<kw name="Click Element" library="SeleniumLibrary">
<doc>Click element identified by ``locator``.</doc>
<arguments>
<arg>//label[@id="loginbutton"]</arg>
</arguments>
<msg timestamp="20190802 16:43:57.386" level="INFO">Clicking element '//label[@id="loginbutton"]'.</msg>
<status status="PASS" starttime="20190802 16:43:57.386" endtime="20190802 16:43:58.402"></status>
</kw>
<kw name="Click Link" library="SeleniumLibrary">
<doc>Clicks a link identified by ``locator``.</doc>
<arguments>
<arg>Recover Your Account</arg>
</arguments>
<msg timestamp="20190802 16:43:58.402" level="INFO">Clicking link 'Recover Your Account'.</msg>
<status status="PASS" starttime="20190802 16:43:58.402" endtime="20190802 16:43:58.894"></status>
</kw>
<kw name="Input Text" library="SeleniumLibrary">
<doc>Types the given ``text`` into text field identified by ``locator``.</doc>
<arguments>
<arg>xpath=(//input[@name="email"])[2]</arg>
<arg>finding</arg>
</arguments>
<msg timestamp="20190802 16:43:58.894" level="INFO">Typing text 'finding' into text field 'xpath=(//input[@name="email"])[2]'.</msg>
<status status="PASS" starttime="20190802 16:43:58.894" endtime="20190802 16:43:58.977"></status>
</kw>
<kw name="Click Element" library="SeleniumLibrary">
<doc>Click element identified by ``locator``.</doc>
<arguments>
<arg>//input[@name="did_submit"]</arg>
</arguments>
<msg timestamp="20190802 16:43:58.977" level="INFO">Clicking element '//input[@name="did_submit"]'.</msg>
<status status="PASS" starttime="20190802 16:43:58.977" endtime="20190802 16:43:59.033"></status>
</kw>
<kw name="Click Link" library="SeleniumLibrary">
<doc>Clicks a link identified by ``locator``.</doc>
<arguments>
<arg>Facebook</arg>
</arguments>
<msg timestamp="20190802 16:43:59.033" level="INFO">Clicking link 'Facebook'.</msg>
<status status="PASS" starttime="20190802 16:43:59.033" endtime="20190802 16:43:59.777"></status>
</kw>
<kw name="Sleep" library="BuiltIn">
<doc>Pauses the test executed for the given time.</doc>
<arguments>
<arg>3s</arg>
</arguments>
<msg timestamp="20190802 16:44:02.779" level="INFO">Slept 3 seconds</msg>
<status status="PASS" starttime="20190802 16:43:59.777" endtime="20190802 16:44:02.779"></status>
</kw>
<kw name="Close Browser" library="SeleniumLibrary">
<doc>Closes the current browser.</doc>
<status status="PASS" starttime="20190802 16:44:02.779" endtime="20190802 16:44:05.158"></status>
</kw>
<status status="PASS" starttime="20190802 16:43:54.188" endtime="20190802 16:44:05.158"></status>
</kw>
<status status="PASS" starttime="20190802 16:43:45.440" endtime="20190802 16:44:05.158" critical="yes"></status>
</test>
<doc>End to End testing</doc>
<status status="PASS" starttime="20190802 16:43:45.169" endtime="20190802 16:44:05.160"></status>
</suite>
<statistics>
<total>
<stat pass="1" fail="0">Critical Tests</stat>
<stat pass="1" fail="0">All Tests</stat>
</total>
<tag>
</tag>
<suite>
<stat pass="1" fail="0" id="s1" name="EndToEnd">EndToEnd</stat>
</suite>
</statistics>
<errors>
</errors>
</robot>
