<?xml version="1.0" encoding="UTF-8"?>
<robot generator="Robot 3.1.2 (Python 3.7.4 on win32)" generated="20190802 17:23:31.244" rpa="false">
<suite id="s1" name="EndToEnd" source="C:\Users\C60134A\PycharmProjects\end2end\Tests\EndToEnd\EndToEnd.robot">
<test id="s1-t1" name="Start">
<kw name="Front Open Team Page" library="Front">
<kw name="Open Browser" library="SeleniumLibrary">
<doc>Opens a new browser instance to the given ``url``.</doc>
<arguments>
<arg>${Front_URL}</arg>
<arg>${Browser}</arg>
</arguments>
<msg timestamp="20190802 17:23:31.525" level="INFO">Opening browser 'chrome' to base url 'http://www.ebay.com/'.</msg>
<status status="PASS" starttime="20190802 17:23:31.524" endtime="20190802 17:23:34.482"></status>
</kw>
<kw name="Maximize Browser Window" library="SeleniumLibrary">
<doc>Maximizes current browser window.</doc>
<status status="PASS" starttime="20190802 17:23:34.483" endtime="20190802 17:23:34.639"></status>
</kw>
<kw name="Click Element" library="SeleniumLibrary">
<doc>Click element identified by ``locator``.</doc>
<arguments>
<arg>//div[@id="mainContent"]</arg>
</arguments>
<msg timestamp="20190802 17:23:34.641" level="INFO">Clicking element '//div[@id="mainContent"]'.</msg>
<status status="PASS" starttime="20190802 17:23:34.640" endtime="20190802 17:23:36.424"></status>
</kw>
<kw name="Input Text" library="SeleniumLibrary">
<doc>Types the given ``text`` into text field identified by ``locator``.</doc>
<arguments>
<arg>//input[@name="_nkw"]</arg>
<arg>samsung s9</arg>
</arguments>
<msg timestamp="20190802 17:23:36.425" level="INFO">Typing text 'samsung s9' into text field '//input[@name="_nkw"]'.</msg>
<status status="PASS" starttime="20190802 17:23:36.425" endtime="20190802 17:23:37.381"></status>
</kw>
<kw name="Click Element" library="SeleniumLibrary">
<doc>Click element identified by ``locator``.</doc>
<arguments>
<arg>xpath://input[@type="submit"]</arg>
</arguments>
<msg timestamp="20190802 17:23:37.382" level="INFO">Clicking element 'xpath://input[@type="submit"]'.</msg>
<status status="PASS" starttime="20190802 17:23:37.381" endtime="20190802 17:23:40.499"></status>
</kw>
<kw name="Click Element" library="SeleniumLibrary">
<doc>Click element identified by ``locator``.</doc>
<arguments>
<arg>//li[@class="fake-tabs__item btn"]</arg>
</arguments>
<msg timestamp="20190802 17:23:40.499" level="INFO">Clicking element '//li[@class="fake-tabs__item btn"]'.</msg>
<status status="PASS" starttime="20190802 17:23:40.499" endtime="20190802 17:23:42.857"></status>
</kw>
<kw name="Click Element" library="SeleniumLibrary">
<doc>Click element identified by ``locator``.</doc>
<arguments>
<arg>xpath=(//h2[@class="srp-format-tabs-h2"])[2]</arg>
</arguments>
<msg timestamp="20190802 17:23:42.857" level="INFO">Clicking element 'xpath=(//h2[@class="srp-format-tabs-h2"])[2]'.</msg>
<status status="PASS" starttime="20190802 17:23:42.857" endtime="20190802 17:23:42.910"></status>
</kw>
<kw name="Click Element" library="SeleniumLibrary">
<doc>Click element identified by ``locator``.</doc>
<arguments>
<arg>xpath=(//h2[@class="srp-format-tabs-h2"])[3]</arg>
</arguments>
<msg timestamp="20190802 17:23:42.910" level="INFO">Clicking element 'xpath=(//h2[@class="srp-format-tabs-h2"])[3]'.</msg>
<status status="PASS" starttime="20190802 17:23:42.910" endtime="20190802 17:23:45.335"></status>
</kw>
<kw name="Click Element" library="SeleniumLibrary">
<doc>Click element identified by ``locator``.</doc>
<arguments>
<arg>xpath=(//h2[@class="srp-format-tabs-h2"])[4]</arg>
</arguments>
<msg timestamp="20190802 17:23:45.336" level="INFO">Clicking element 'xpath=(//h2[@class="srp-format-tabs-h2"])[4]'.</msg>
<status status="PASS" starttime="20190802 17:23:45.335" endtime="20190802 17:23:47.473"></status>
</kw>
<kw name="Click Element" library="SeleniumLibrary">
<doc>Click element identified by ``locator``.</doc>
<arguments>
<arg>//img[@id="gh-logo"]</arg>
</arguments>
<msg timestamp="20190802 17:23:47.474" level="INFO">Clicking element '//img[@id="gh-logo"]'.</msg>
<kw name="Capture Page Screenshot" library="SeleniumLibrary">
<doc>Takes screenshot of the current page and embeds it into log file.</doc>
<msg timestamp="20190802 17:23:47.987" level="INFO" html="yes">&lt;/td&gt;&lt;/tr&gt;&lt;tr&gt;&lt;td colspan="3"&gt;&lt;a href="selenium-screenshot-12.png"&gt;&lt;img src="selenium-screenshot-12.png" width="800px"&gt;&lt;/a&gt;</msg>
<status status="PASS" starttime="20190802 17:23:47.593" endtime="20190802 17:23:47.987"></status>
</kw>
<msg timestamp="20190802 17:23:48.022" level="FAIL">WebDriverException: Message: unknown error: Element &lt;img role="presentation" width="250" height="200" style="clip:rect(47px, 118px, 95px, 0px); position:absolute; top:-47px;left:0" alt="eBay Logo" src="https://ir.ebaystatic.com/rs/v/fxxj3ttftm5ltcqnto1o4baovyl.png" id="gh-logo"&gt; is not clickable at point (75, 60). Other element would receive the click: &lt;a href="https://www.ebay.com/" _sp="m570.l2586" id="gh-la"&gt;...&lt;/a&gt;
  (Session info: chrome=75.0.3770.142)
  (Driver info: chromedriver=2.46.628402 (536cd7adbad73a3783fdc2cab92ab2ba7ec361e1),platform=Windows NT 10.0.16299 x86_64)
</msg>
<status status="FAIL" starttime="20190802 17:23:47.473" endtime="20190802 17:23:48.023"></status>
</kw>
<status status="FAIL" starttime="20190802 17:23:31.524" endtime="20190802 17:23:48.023"></status>
</kw>
<status status="FAIL" starttime="20190802 17:23:31.524" endtime="20190802 17:23:48.023" critical="yes">WebDriverException: Message: unknown error: Element &lt;img role="presentation" width="250" height="200" style="clip:rect(47px, 118px, 95px, 0px); position:absolute; top:-47px;left:0" alt="eBay Logo" src="https://ir.ebaystatic.com/rs/v/fxxj3ttftm5ltcqnto1o4baovyl.png" id="gh-logo"&gt; is not clickable at point (75, 60). Other element would receive the click: &lt;a href="https://www.ebay.com/" _sp="m570.l2586" id="gh-la"&gt;...&lt;/a&gt;
  (Session info: chrome=75.0.3770.142)
  (Driver info: chromedriver=2.46.628402 (536cd7adbad73a3783fdc2cab92ab2ba7ec361e1),platform=Windows NT 10.0.16299 x86_64)
</status>
</test>
<doc>End to End testing</doc>
<status status="FAIL" starttime="20190802 17:23:31.248" endtime="20190802 17:23:48.024"></status>
</suite>
<statistics>
<total>
<stat pass="0" fail="1">Critical Tests</stat>
<stat pass="0" fail="1">All Tests</stat>
</total>
<tag>
</tag>
<suite>
<stat pass="0" fail="1" id="s1" name="EndToEnd">EndToEnd</stat>
</suite>
</statistics>
<errors>
</errors>
</robot>
