<?xml version="1.0" encoding="UTF-8"?>
<robot generator="Robot 3.1.2 (Python 3.7.4 on win32)" generated="20190802 15:33:47.164" rpa="false">
<suite id="s1" name="Back" source="C:\Users\C60134A\PycharmProjects\end2end\Tests\Back\Back.robot">
<test id="s1-t1" name="Start">
<kw name="Open Team Page" library="Back">
<kw name="Open Browser" library="SeleniumLibrary">
<doc>Opens a new browser instance to the given ``url``.</doc>
<arguments>
<arg>${URL}</arg>
<arg>${Browser}</arg>
</arguments>
<msg timestamp="20190802 15:33:47.445" level="INFO">Opening browser 'chrome' to base url 'http://www.robotframeworktutorial.com/front-office'.</msg>
<status status="PASS" starttime="20190802 15:33:47.445" endtime="20190802 15:33:49.911"></status>
</kw>
<kw name="Maximize Browser Window" library="SeleniumLibrary">
<doc>Maximizes current browser window.</doc>
<status status="PASS" starttime="20190802 15:33:49.911" endtime="20190802 15:33:50.046"></status>
</kw>
<kw name="Click Link" library="SeleniumLibrary">
<doc>Clicks a link identified by ``locator``.</doc>
<arguments>
<arg>xpath://a[@class='page-scroll']</arg>
</arguments>
<msg timestamp="20190802 15:33:50.047" level="INFO">Clicking link 'xpath://a[@class='page-scroll']'.</msg>
<status status="PASS" starttime="20190802 15:33:50.047" endtime="20190802 15:33:50.128"></status>
</kw>
<kw name="Sleep" library="BuiltIn">
<doc>Pauses the test executed for the given time.</doc>
<arguments>
<arg>3s</arg>
</arguments>
<msg timestamp="20190802 15:33:53.129" level="INFO">Slept 3 seconds</msg>
<status status="PASS" starttime="20190802 15:33:50.128" endtime="20190802 15:33:53.129"></status>
</kw>
<kw name="Close Browser" library="SeleniumLibrary">
<doc>Closes the current browser.</doc>
<status status="PASS" starttime="20190802 15:33:53.129" endtime="20190802 15:33:55.428"></status>
</kw>
<status status="PASS" starttime="20190802 15:33:47.445" endtime="20190802 15:33:55.428"></status>
</kw>
<status status="PASS" starttime="20190802 15:33:47.444" endtime="20190802 15:33:55.429" critical="yes"></status>
</test>
<doc>End to End testing</doc>
<status status="PASS" starttime="20190802 15:33:47.169" endtime="20190802 15:33:55.430"></status>
</suite>
<statistics>
<total>
<stat pass="1" fail="0">Critical Tests</stat>
<stat pass="1" fail="0">All Tests</stat>
</total>
<tag>
</tag>
<suite>
<stat pass="1" fail="0" id="s1" name="Back">Back</stat>
</suite>
</statistics>
<errors>
</errors>
</robot>
